\BOOKMARK [1][-]{section.1}{Projekt}{}% 1
\BOOKMARK [2][-]{subsection.1.1}{Vorstellung des Projekts}{section.1}% 2
\BOOKMARK [2][-]{subsection.1.2}{IST-Analyse}{section.1}% 3
\BOOKMARK [2][-]{subsection.1.3}{Soll-Konzept}{section.1}% 4
\BOOKMARK [2][-]{subsection.1.4}{Zeitplanung}{section.1}% 5
\BOOKMARK [2][-]{subsection.1.5}{Kostenkalkulation}{section.1}% 6
\BOOKMARK [1][-]{section.2}{Realisierung}{}% 7
\BOOKMARK [2][-]{subsection.2.1}{Vorbereitungen}{section.2}% 8
\BOOKMARK [2][-]{subsection.2.2}{Technische Implementierung}{section.2}% 9
\BOOKMARK [3][-]{subsubsection.2.2.1}{Technischer Stand}{subsection.2.2}% 10
\BOOKMARK [3][-]{subsubsection.2.2.2}{Installation und Konfiguration}{subsection.2.2}% 11
\BOOKMARK [3][-]{subsubsection.2.2.3}{Anpassung von Wordpress mit Plugins und eigenen Modifikationen}{subsection.2.2}% 12
\BOOKMARK [1][-]{section.3}{Testphase}{}% 13
\BOOKMARK [2][-]{subsection.3.1}{Funktionstests}{section.3}% 14
\BOOKMARK [2][-]{subsection.3.2}{Aufgetretene Probleme}{section.3}% 15
\BOOKMARK [1][-]{section.4}{Zusammenfassung}{}% 16
\BOOKMARK [1][-]{section.5}{Ausblick}{}% 17
\BOOKMARK [1][-]{section.6}{Anhang}{}% 18
\BOOKMARK [2][-]{subsection.6.1}{nginx Konfiguration}{section.6}% 19
\BOOKMARK [2][-]{subsection.6.2}{ssl Konfiguration}{section.6}% 20
\BOOKMARK [2][-]{subsection.6.3}{Wordpress Konfiguration}{section.6}% 21
\BOOKMARK [1][-]{section.7}{Quellen}{}% 22
